number of tremor : 4
number of dizziness : 5
number of blindness : 1
number of constricted pupils : 3
number of fever : 7
number of stiff neck : 4
number of dilated pupils : 4
number of cough : 6
number of low blood pressure : 4
number of rapid heart rate : 1
number of nausea : 5
number of insomnia : 4
number of dry mouth : 8
number of anxiety : 5
number of rash : 4
number of shortness of breath : 3
number of arrhythmias : 3
number of inflammation : 7
number of high blood pressure : 10
number of water retention : 1
number of headache : 3
number of stomach pain : 3
number of blurred vision : 5
